libuuid-2.23.2-33.el7_3.2.x86_64
failed to download the libuuid-2.23.2-33.el7_3.2.x86_64
gnutls-3.3.8-14.el7_2.x86_64
failed to download the gnutls-3.3.8-14.el7_2.x86_64
systemd-libs-219-30.el7_3.9.x86_64
failed to download the systemd-libs-219-30.el7_3.9.x86_64
util-linux-2.23.2-33.el7_3.2.x86_64
failed to download the util-linux-2.23.2-33.el7_3.2.x86_64
device-mapper-event-1.02.135-1.el7_3.5.x86_64
failed to download the device-mapper-event-1.02.135-1.el7_3.5.x86_64
libqb-1.0-1.el7_3.1.x86_64
failed to download the libqb-1.0-1.el7_3.1.x86_64
sanlock-lib-3.4.0-1.el7.x86_64
sucessfully to dowloaded the package sanlock-lib-3.4.0-1.el7.x86_64
samba-client-libs-4.4.4-14.el7_3.x86_64
failed to download the samba-client-libs-4.4.4-14.el7_3.x86_64
libuuid-devel-2.23.2-33.el7_3.2.x86_64
failed to download the libuuid-devel-2.23.2-33.el7_3.2.x86_64
kernel-3.10.0-327.10.1.el7.x86_64
failed to download the kernel-3.10.0-327.10.1.el7.x86_64
corosync-2.4.0-4.el7.x86_64
sucessfully to dowloaded the package corosync-2.4.0-4.el7.x86_64
device-mapper-devel-1.02.135-1.el7_3.5.x86_64
failed to download the device-mapper-devel-1.02.135-1.el7_3.5.x86_64
lvm2-lockd-2.02.166-1.el7_3.5.x86_64
failed to download the lvm2-lockd-2.02.166-1.el7_3.5.x86_64
libgudev1-219-30.el7_3.9.x86_64
failed to download the libgudev1-219-30.el7_3.9.x86_64
gpg-pubkey-f4a80eb5-53a7ff4b
failed to download the gpg-pubkey-f4a80eb5-53a7ff4b
nss-softokn-freebl-3.16.2.3-14.2.el7_2.x86_64
failed to download the nss-softokn-freebl-3.16.2.3-14.2.el7_2.x86_64
dbus-libs-1.6.12-14.el7_2.x86_64
failed to download the dbus-libs-1.6.12-14.el7_2.x86_64
python-libs-2.7.5-39.el7_2.x86_64
failed to download the python-libs-2.7.5-39.el7_2.x86_64
kmod-libs-20-8.el7_2.x86_64
failed to download the kmod-libs-20-8.el7_2.x86_64
dracut-033-360.el7_2.1.x86_64
failed to download the dracut-033-360.el7_2.1.x86_64
cronie-anacron-1.4.11-14.el7_2.1.x86_64
sucessfully to dowloaded the package cronie-anacron-1.4.11-14.el7_2.1.x86_64
libtalloc-2.1.5-1.el7_2.x86_64
failed to download the libtalloc-2.1.5-1.el7_2.x86_64
quota-4.01-11.el7_2.1.x86_64
failed to download the quota-4.01-11.el7_2.1.x86_64
kernel-3.10.0-327.36.3.el7.x86_64
failed to download the kernel-3.10.0-327.36.3.el7.x86_64
dnsmasq-2.66-14.el7_2.1.x86_64
failed to download the dnsmasq-2.66-14.el7_2.1.x86_64
microcode_ctl-2.1-12.el7_2.1.x86_64
failed to download the microcode_ctl-2.1-12.el7_2.1.x86_64
teamd-1.17-7.el7_2.x86_64
failed to download the teamd-1.17-7.el7_2.x86_64
openssl-1.0.1e-51.el7_2.7.x86_64
failed to download the openssl-1.0.1e-51.el7_2.7.x86_64
libndp-1.2-6.el7_2.x86_64
failed to download the libndp-1.2-6.el7_2.x86_64
glibc-devel-2.17-106.el7_2.8.x86_64
failed to download the glibc-devel-2.17-106.el7_2.8.x86_64
ntpdate-4.2.6p5-25.el7.centos.2.x86_64
sucessfully to dowloaded the package ntpdate-4.2.6p5-25.el7.centos.2.x86_64
chkconfig-1.7.2-1.el7_3.1.x86_64
failed to download the chkconfig-1.7.2-1.el7_3.1.x86_64
libX11-common-1.6.3-3.el7.noarch
sucessfully to dowloaded the package libX11-common-1.6.3-3.el7.noarch
libX11-1.6.3-3.el7.x86_64
sucessfully to dowloaded the package libX11-1.6.3-3.el7.x86_64
copy-jdk-configs-1.2-1.el7.noarch
sucessfully to dowloaded the package copy-jdk-configs-1.2-1.el7.noarch
fontconfig-2.10.95-10.el7.x86_64
sucessfully to dowloaded the package fontconfig-2.10.95-10.el7.x86_64
java-1.8.0-openjdk-devel-1.8.0.141-1.b16.el7_3.x86_64
failed to download the java-1.8.0-openjdk-devel-1.8.0.141-1.b16.el7_3.x86_64
at-3.1.13-22.el7.x86_64
sucessfully to dowloaded the package at-3.1.13-22.el7.x86_64
mdadm-3.4-14.el7_3.1.x86_64
failed to download the mdadm-3.4-14.el7_3.1.x86_64
libselinux-2.5-6.el7.x86_64
sucessfully to dowloaded the package libselinux-2.5-6.el7.x86_64
systemd-219-30.el7_3.9.x86_64
failed to download the systemd-219-30.el7_3.9.x86_64
device-mapper-event-libs-1.02.135-1.el7_3.5.x86_64
failed to download the device-mapper-event-libs-1.02.135-1.el7_3.5.x86_64
libtdb-1.3.8-1.el7_2.x86_64
sucessfully to dowloaded the package libtdb-1.3.8-1.el7_2.x86_64
lvm2-2.02.166-1.el7_3.5.x86_64
failed to download the lvm2-2.02.166-1.el7_3.5.x86_64
libwbclient-4.4.4-14.el7_3.x86_64
failed to download the libwbclient-4.4.4-14.el7_3.x86_64
kexec-tools-2.0.7-38.el7_2.1.x86_64
failed to download the kexec-tools-2.0.7-38.el7_2.1.x86_64
libsepol-devel-2.5-6.el7.x86_64
sucessfully to dowloaded the package libsepol-devel-2.5-6.el7.x86_64
corosynclib-2.4.0-4.el7.x86_64
sucessfully to dowloaded the package corosynclib-2.4.0-4.el7.x86_64
libselinux-devel-2.5-6.el7.x86_64
sucessfully to dowloaded the package libselinux-devel-2.5-6.el7.x86_64
rdma-7.2_4.1_rc6-2.el7.noarch
failed to download the rdma-7.2_4.1_rc6-2.el7.noarch
lvm2-cluster-2.02.166-1.el7_3.5.x86_64
failed to download the lvm2-cluster-2.02.166-1.el7_3.5.x86_64
systemd-sysv-219-30.el7_3.9.x86_64
failed to download the systemd-sysv-219-30.el7_3.9.x86_64
tzdata-2016h-1.el7.noarch
failed to download the tzdata-2016h-1.el7.noarch
glibc-2.17-106.el7_2.8.x86_64
failed to download the glibc-2.17-106.el7_2.8.x86_64
nss-softokn-3.16.2.3-14.2.el7_2.x86_64
failed to download the nss-softokn-3.16.2.3-14.2.el7_2.x86_64
python-2.7.5-39.el7_2.x86_64
failed to download the python-2.7.5-39.el7_2.x86_64
openldap-2.4.40-9.el7_2.x86_64
failed to download the openldap-2.4.40-9.el7_2.x86_64
kmod-20-8.el7_2.x86_64
failed to download the kmod-20-8.el7_2.x86_64
rpcbind-0.2.0-33.el7_2.1.x86_64
failed to download the rpcbind-0.2.0-33.el7_2.1.x86_64
cronie-1.4.11-14.el7_2.1.x86_64
sucessfully to dowloaded the package cronie-1.4.11-14.el7_2.1.x86_64
selinux-policy-3.13.1-60.el7_2.9.noarch
failed to download the selinux-policy-3.13.1-60.el7_2.9.noarch
bind-license-9.9.4-29.el7_2.4.noarch
failed to download the bind-license-9.9.4-29.el7_2.4.noarch
selinux-policy-targeted-3.13.1-60.el7_2.9.noarch
failed to download the selinux-policy-targeted-3.13.1-60.el7_2.9.noarch
polkit-0.112-7.el7_2.x86_64
failed to download the polkit-0.112-7.el7_2.x86_64
ca-certificates-2015.2.6-70.1.el7_2.noarch
failed to download the ca-certificates-2015.2.6-70.1.el7_2.noarch
dracut-config-rescue-033-360.el7_2.1.x86_64
failed to download the dracut-config-rescue-033-360.el7_2.1.x86_64
openssh-clients-6.6.1p1-25.el7_2.x86_64
failed to download the openssh-clients-6.6.1p1-25.el7_2.x86_64
mariadb-libs-5.5.50-1.el7_2.x86_64
failed to download the mariadb-libs-5.5.50-1.el7_2.x86_64
libtiff-4.0.3-25.el7_2.x86_64
sucessfully to dowloaded the package libtiff-4.0.3-25.el7_2.x86_64
ntp-4.2.6p5-25.el7.centos.2.x86_64
sucessfully to dowloaded the package ntp-4.2.6p5-25.el7.centos.2.x86_64
nss-3.28.4-1.2.el7_3.x86_64
failed to download the nss-3.28.4-1.2.el7_3.x86_64
alsa-lib-1.1.1-1.el7.x86_64
sucessfully to dowloaded the package alsa-lib-1.1.1-1.el7.x86_64
lksctp-tools-1.0.17-2.el7.x86_64
sucessfully to dowloaded the package lksctp-tools-1.0.17-2.el7.x86_64
java-1.8.0-openjdk-1.8.0.141-1.b16.el7_3.x86_64
failed to download the java-1.8.0-openjdk-1.8.0.141-1.b16.el7_3.x86_64
cups-libs-1.6.3-26.el7.x86_64
sucessfully to dowloaded the package cups-libs-1.6.3-26.el7.x86_64
grub2-tools-2.02-0.34.el7.centos.x86_64
failed to download the grub2-tools-2.02-0.34.el7.centos.x86_64
libreport-filesystem-2.1.11-35.el7.centos.x86_64
sucessfully to dowloaded the package libreport-filesystem-2.1.11-35.el7.centos.x86_64
libsepol-2.5-6.el7.x86_64
sucessfully to dowloaded the package libsepol-2.5-6.el7.x86_64
libmount-2.23.2-33.el7_3.2.x86_64
failed to download the libmount-2.23.2-33.el7_3.2.x86_64
device-mapper-libs-1.02.135-1.el7_3.5.x86_64
failed to download the device-mapper-libs-1.02.135-1.el7_3.5.x86_64
device-mapper-persistent-data-0.6.3-1.el7.x86_64
sucessfully to dowloaded the package device-mapper-persistent-data-0.6.3-1.el7.x86_64
samba-common-4.4.4-14.el7_3.noarch
failed to download the samba-common-4.4.4-14.el7_3.noarch
resource-agents-3.9.5-82.el7_3.11.x86_64
failed to download the resource-agents-3.9.5-82.el7_3.11.x86_64
grub2-2.02-0.34.el7.centos.x86_64
failed to download the grub2-2.02-0.34.el7.centos.x86_64
net-snmp-libs-5.7.2-24.el7_3.2.x86_64
failed to download the net-snmp-libs-5.7.2-24.el7_3.2.x86_64
pcre-devel-8.32-15.el7_2.1.x86_64
sucessfully to dowloaded the package pcre-devel-8.32-15.el7_2.1.x86_64
lvm2-devel-2.02.166-1.el7_3.5.x86_64
failed to download the lvm2-devel-2.02.166-1.el7_3.5.x86_64
lvm2-python-libs-2.02.166-1.el7_3.5.x86_64
failed to download the lvm2-python-libs-2.02.166-1.el7_3.5.x86_64
libselinux-utils-2.5-6.el7.x86_64
sucessfully to dowloaded the package libselinux-utils-2.5-6.el7.x86_64
bash-4.2.46-20.el7_2.x86_64
sucessfully to dowloaded the package bash-4.2.46-20.el7_2.x86_64
gmp-6.0.0-12.el7_1.x86_64
sucessfully to dowloaded the package gmp-6.0.0-12.el7_1.x86_64
krb5-libs-1.13.2-12.el7_2.x86_64
failed to download the krb5-libs-1.13.2-12.el7_2.x86_64
iproute-3.10.0-54.el7_2.1.x86_64
failed to download the iproute-3.10.0-54.el7_2.1.x86_64
openssh-6.6.1p1-25.el7_2.x86_64
failed to download the openssh-6.6.1p1-25.el7_2.x86_64
initscripts-9.49.30-1.el7_2.3.x86_64
failed to download the initscripts-9.49.30-1.el7_2.3.x86_64
libxml2-2.9.1-6.el7_2.3.x86_64
sucessfully to dowloaded the package libxml2-2.9.1-6.el7_2.3.x86_64
bind-libs-lite-9.9.4-29.el7_2.4.x86_64
failed to download the bind-libs-lite-9.9.4-29.el7_2.4.x86_64
libtevent-0.9.26-1.el7_2.1.x86_64
failed to download the libtevent-0.9.26-1.el7_2.1.x86_64
openssh-server-6.6.1p1-25.el7_2.x86_64
failed to download the openssh-server-6.6.1p1-25.el7_2.x86_64
coreutils-8.22-15.el7_2.1.x86_64
failed to download the coreutils-8.22-15.el7_2.1.x86_64
dracut-config-generic-033-360.el7_2.1.x86_64
failed to download the dracut-config-generic-033-360.el7_2.1.x86_64
sudo-1.8.6p7-17.el7_2.x86_64
failed to download the sudo-1.8.6p7-17.el7_2.x86_64
libssh2-1.4.3-10.el7_2.1.x86_64
sucessfully to dowloaded the package libssh2-1.4.3-10.el7_2.1.x86_64
procps-ng-3.3.10-5.el7_2.x86_64
failed to download the procps-ng-3.3.10-5.el7_2.x86_64
kernel-devel-3.10.0-327.36.3.el7.x86_64
failed to download the kernel-devel-3.10.0-327.36.3.el7.x86_64
logrotate-3.8.6-7.el7_2.x86_64
failed to download the logrotate-3.8.6-7.el7_2.x86_64
kernel-headers-3.10.0-327.36.3.el7.x86_64
failed to download the kernel-headers-3.10.0-327.36.3.el7.x86_64
dkms-2.2.0.3-34.git.9e0394d.el7.noarch
failed to download the dkms-2.2.0.3-34.git.9e0394d.el7.noarch
nspr-4.13.1-1.0.el7_3.x86_64
sucessfully to dowloaded the package nspr-4.13.1-1.0.el7_3.x86_64
nss-sysinit-3.28.4-1.2.el7_3.x86_64
failed to download the nss-sysinit-3.28.4-1.2.el7_3.x86_64
numactl-libs-2.0.9-6.el7_2.x86_64
sucessfully to dowloaded the package numactl-libs-2.0.9-6.el7_2.x86_64
libpng-1.5.13-7.el7_2.x86_64
sucessfully to dowloaded the package libpng-1.5.13-7.el7_2.x86_64
nss-tools-3.28.4-1.2.el7_3.x86_64
failed to download the nss-tools-3.28.4-1.2.el7_3.x86_64
cups-client-1.6.3-26.el7.x86_64
sucessfully to dowloaded the package cups-client-1.6.3-26.el7.x86_64
psmisc-22.20-11.el7.x86_64
sucessfully to dowloaded the package psmisc-22.20-11.el7.x86_64
sg3_utils-libs-1.37-9.el7.x86_64
sucessfully to dowloaded the package sg3_utils-libs-1.37-9.el7.x86_64
libblkid-2.23.2-33.el7_3.2.x86_64
failed to download the libblkid-2.23.2-33.el7_3.2.x86_64
dlm-lib-4.0.6-1.el7.x86_64
sucessfully to dowloaded the package dlm-lib-4.0.6-1.el7.x86_64
device-mapper-1.02.135-1.el7_3.5.x86_64
failed to download the device-mapper-1.02.135-1.el7_3.5.x86_64
lvm2-libs-2.02.166-1.el7_3.5.x86_64
failed to download the lvm2-libs-2.02.166-1.el7_3.5.x86_64
libldb-1.1.26-1.el7.x86_64
sucessfully to dowloaded the package libldb-1.1.26-1.el7.x86_64
systemd-devel-219-30.el7_3.9.x86_64
failed to download the systemd-devel-219-30.el7_3.9.x86_64
cifs-utils-6.2-9.el7.x86_64
sucessfully to dowloaded the package cifs-utils-6.2-9.el7.x86_64
libblkid-devel-2.23.2-33.el7_3.2.x86_64
failed to download the libblkid-devel-2.23.2-33.el7_3.2.x86_64
dlm-4.0.6-1.el7.x86_64
sucessfully to dowloaded the package dlm-4.0.6-1.el7.x86_64
device-mapper-event-devel-1.02.135-1.el7_3.5.x86_64
failed to download the device-mapper-event-devel-1.02.135-1.el7_3.5.x86_64
lvm2-sysvinit-2.02.166-1.el7_3.5.x86_64
failed to download the lvm2-sysvinit-2.02.166-1.el7_3.5.x86_64
libselinux-python-2.5-6.el7.x86_64
sucessfully to dowloaded the package libselinux-python-2.5-6.el7.x86_64
epel-release-7-10.noarch
failed to download the epel-release-7-10.noarch
glibc-common-2.17-106.el7_2.8.x86_64
failed to download the glibc-common-2.17-106.el7_2.8.x86_64
openssl-libs-1.0.1e-51.el7_2.7.x86_64
failed to download the openssl-libs-1.0.1e-51.el7_2.7.x86_64
cyrus-sasl-lib-2.1.26-20.el7_2.x86_64
sucessfully to dowloaded the package cyrus-sasl-lib-2.1.26-20.el7_2.x86_64
scalarizr-6.8.0-1.el6.x86_64
failed to download the scalarizr-6.8.0-1.el6.x86_64
python-perf-3.10.0-327.36.3.el7.x86_64
failed to download the python-perf-3.10.0-327.36.3.el7.x86_64
libteam-1.17-7.el7_2.x86_64
failed to download the libteam-1.17-7.el7_2.x86_64
kpartx-0.4.9-85.el7_2.6.x86_64
failed to download the kpartx-0.4.9-85.el7_2.6.x86_64
dbus-1.6.12-14.el7_2.x86_64
failed to download the dbus-1.6.12-14.el7_2.x86_64
gssproxy-0.4.1-8.el7_2.x86_64
failed to download the gssproxy-0.4.1-8.el7_2.x86_64
kernel-tools-libs-3.10.0-327.36.3.el7.x86_64
failed to download the kernel-tools-libs-3.10.0-327.36.3.el7.x86_64
quota-nls-4.01-11.el7_2.1.noarch
failed to download the quota-nls-4.01-11.el7_2.1.noarch
nfs-utils-1.3.0-0.21.el7_2.1.x86_64
failed to download the nfs-utils-1.3.0-0.21.el7_2.1.x86_64
kernel-tools-3.10.0-327.36.3.el7.x86_64
failed to download the kernel-tools-3.10.0-327.36.3.el7.x86_64
tuned-2.5.1-4.el7_2.6.noarch
failed to download the tuned-2.5.1-4.el7_2.6.noarch
dracut-network-033-360.el7_2.1.x86_64
failed to download the dracut-network-033-360.el7_2.1.x86_64
pcre-8.32-15.el7_2.1.x86_64
sucessfully to dowloaded the package pcre-8.32-15.el7_2.1.x86_64
gpg-pubkey-352c64e5-52ae6884
failed to download the gpg-pubkey-352c64e5-52ae6884
python-pyudev-0.15-7.el7_2.1.noarch
sucessfully to dowloaded the package python-pyudev-0.15-7.el7_2.1.noarch
glibc-headers-2.17-106.el7_2.8.x86_64
failed to download the glibc-headers-2.17-106.el7_2.8.x86_64
nss-util-3.28.4-1.0.el7_3.x86_64
failed to download the nss-util-3.28.4-1.0.el7_3.x86_64
tzdata-java-2017b-1.el7.noarch
sucessfully to dowloaded the package tzdata-java-2017b-1.el7.noarch
java-1.8.0-openjdk-headless-1.8.0.141-1.b16.el7_3.x86_64
failed to download the java-1.8.0-openjdk-headless-1.8.0.141-1.b16.el7_3.x86_64
avahi-libs-0.6.31-17.el7.x86_64
sucessfully to dowloaded the package avahi-libs-0.6.31-17.el7.x86_64
syslinux-4.05-13.el7.x86_64
sucessfully to dowloaded the package syslinux-4.05-13.el7.x86_64
